#
# There is insufficient memory for the Java Runtime Environment to continue.
# Native memory allocation (mmap) failed to map 1073741824 bytes for G1 virtual space
# Possible reasons:
#   The system is out of physical RAM or swap space
#   The process is running with CompressedOops enabled, and the Java Heap may be blocking the growth of the native heap
# Possible solutions:
#   Reduce memory load on the system
#   Increase physical memory or swap space
#   Check if swap backing store is full
#   Decrease Java heap size (-Xmx/-Xms)
#   Decrease number of Java threads
#   Decrease Java thread stack sizes (-Xss)
#   Set larger code cache with -XX:ReservedCodeCacheSize=
#   JVM is running with Zero Based Compressed Oops mode in which the Java heap is
#     placed in the first 32GB address space. The Java Heap base address is the
#     maximum limit for the native heap growth. Please use -XX:HeapBaseMinAddress
#     to set the Java Heap base and to place the Java Heap above 32GB virtual address.
# This output file may be truncated or incomplete.
#
#  Out of Memory Error (os_windows.cpp:3825), pid=68108, tid=58616
#
# JRE version:  (17.0.10+1) (build )
# Java VM: OpenJDK 64-Bit Server VM (17.0.10+1-b1087.17, mixed mode, sharing, tiered, compressed oops, compressed class ptrs, g1 gc, windows-amd64)
# No core dump will be written. Minidumps are not enabled by default on client versions of Windows
#

---------------  S U M M A R Y ------------

Command Line: git4idea.http.GitAskPassApp Username for 'https://github.com': 

Host: Intel(R) Core(TM) i7-9750H CPU @ 2.60GHz, 12 cores, 63G,  Windows 10 , 64 bit Build 19041 (10.0.19041.3636)
Time: Fri Jun  7 20:04:49 2024 US Mountain Standard Time elapsed time: 0.016308 seconds (0d 0h 0m 0s)

---------------  T H R E A D  ---------------

Current thread (0x000002133f4e3a10):  JavaThread "Unknown thread" [_thread_in_vm, id=58616, stack(0x000000c1bcb00000,0x000000c1bcc00000)]

Stack: [0x000000c1bcb00000,0x000000c1bcc00000]
Native frames: (J=compiled Java code, j=interpreted, Vv=VM code, C=native code)
V  [jvm.dll+0x688ac9]
V  [jvm.dll+0x84220a]
V  [jvm.dll+0x843e4e]
V  [jvm.dll+0x8444b3]
V  [jvm.dll+0x24ba8f]
V  [jvm.dll+0x685899]
V  [jvm.dll+0x67a14a]
V  [jvm.dll+0x30c7eb]
V  [jvm.dll+0x313c96]
V  [jvm.dll+0x363a2e]
V  [jvm.dll+0x363c5f]
V  [jvm.dll+0x2e25b8]
V  [jvm.dll+0x2e3524]
V  [jvm.dll+0x812d71]
V  [jvm.dll+0x3718e1]
V  [jvm.dll+0x7f18d6]
V  [jvm.dll+0x3f553f]
V  [jvm.dll+0x3f7171]
C  [jli.dll+0x528f]
C  [ucrtbase.dll+0x21bb2]
C  [KERNEL32.DLL+0x17344]
C  [ntdll.dll+0x526b1]


---------------  P R O C E S S  ---------------

Threads class SMR info:
_java_thread_list=0x00007ffadc98ef58, length=0, elements={
}

Java Threads: ( => current thread )

Other Threads:
  0x000002133f592150 GCTaskThread "GC Thread#0" [stack: 0x000000c1bcc00000,0x000000c1bcd00000] [id=70164]
  0x000002133f59b040 ConcurrentGCThread "G1 Main Marker" [stack: 0x000000c1bcd00000,0x000000c1bce00000] [id=18440]
  0x000002133f59c200 ConcurrentGCThread "G1 Conc#0" [stack: 0x000000c1bce00000,0x000000c1bcf00000] [id=62040]

[error occurred during error reporting (printing all threads), id 0xc0000005, EXCEPTION_ACCESS_VIOLATION (0xc0000005) at pc=0x00007ffadc143187]

VM state: not at safepoint (not fully initialized)

VM Mutex/Monitor currently owned by a thread:  ([mutex/lock_event])
[0x000002133f4dee80] Heap_lock - owner thread: 0x000002133f4e3a10

Heap address: 0x0000000402000000, size: 16352 MB, Compressed Oops mode: Zero based, Oop shift amount: 3

CDS archive(s) mapped at: [0x0000000000000000-0x0000000000000000-0x0000000000000000), size 0, SharedBaseAddress: 0x0000000800000000, ArchiveRelocationMode: 1.
Narrow klass base: 0x0000000000000000, Narrow klass shift: 0, Narrow klass range: 0x0

GC Precious Log:
<Empty>

Heap:
 garbage-first heap   total 0K, used 0K [0x0000000402000000, 0x0000000800000000)
  region size 8192K, 0 young (0K), 0 survivors (0K)
 Metaspace       used 0K, committed 0K, reserved 0K
  class space    used 0K, committed 0K, reserved 0K

Heap Regions: E=young(eden), S=young(survivor), O=old, HS=humongous(starts), HC=humongous(continues), CS=collection set, F=free, OA=open archive, CA=closed archive, TAMS=top-at-mark-start (previous, next)

Card table byte_map: [0x00000213541a0000,0x0000021356190000] _byte_map_base: 0x0000021352190000

Marking Bits (Prev, Next): (CMBitMap*) 0x000002133f592770, (CMBitMap*) 0x000002133f5927b0
 Prev Bits: [0x0000021358180000, 0x0000021368100000)
 Next Bits: [0x0000021368100000, 0x0000021378080000)

GC Heap History (0 events):
No events

Dll operation events (1 events):
Event: 0.009 Loaded shared library D:\PyCharm Community Edition 2023.3.4\jbr\bin\java.dll

Deoptimization events (0 events):
No events

Classes unloaded (0 events):
No events

Classes redefined (0 events):
No events

Internal exceptions (0 events):
No events

VM Operations (0 events):
No events

Events (0 events):
No events


Dynamic libraries:
0x00007ff7b34d0000 - 0x00007ff7b34da000 	D:\PyCharm Community Edition 2023.3.4\jbr\bin\java.exe
0x00007ffc0a310000 - 0x00007ffc0a508000 	C:\WINDOWS\SYSTEM32\ntdll.dll
0x00007ffc09630000 - 0x00007ffc096ed000 	C:\WINDOWS\System32\KERNEL32.DLL
0x00007ffc07c30000 - 0x00007ffc07f26000 	C:\WINDOWS\System32\KERNELBASE.dll
0x00007ffc08050000 - 0x00007ffc08150000 	C:\WINDOWS\System32\ucrtbase.dll
0x00007ffbdbe70000 - 0x00007ffbdbe87000 	D:\PyCharm Community Edition 2023.3.4\jbr\bin\jli.dll
0x00007ffbdda40000 - 0x00007ffbdda5b000 	D:\PyCharm Community Edition 2023.3.4\jbr\bin\VCRUNTIME140.dll
0x00007ffc09490000 - 0x00007ffc0962f000 	C:\WINDOWS\System32\USER32.dll
0x00007ffc08260000 - 0x00007ffc08282000 	C:\WINDOWS\System32\win32u.dll
0x00007ffc08df0000 - 0x00007ffc08e1b000 	C:\WINDOWS\System32\GDI32.dll
0x00007ffc07f30000 - 0x00007ffc08047000 	C:\WINDOWS\System32\gdi32full.dll
0x00007ffc079c0000 - 0x00007ffc07a5d000 	C:\WINDOWS\System32\msvcp_win.dll
0x00007ffbefba0000 - 0x00007ffbefe3a000 	C:\WINDOWS\WinSxS\amd64_microsoft.windows.common-controls_6595b64144ccf1df_6.0.19041.4355_none_60b8b9eb71f62e16\COMCTL32.dll
0x00007ffc08ab0000 - 0x00007ffc08b4e000 	C:\WINDOWS\System32\msvcrt.dll
0x00007ffc09cc0000 - 0x00007ffc09cf2000 	C:\WINDOWS\System32\IMM32.DLL
0x00007ffc03030000 - 0x00007ffc0303c000 	D:\PyCharm Community Edition 2023.3.4\jbr\bin\vcruntime140_1.dll
0x00007ffbad9a0000 - 0x00007ffbada2d000 	D:\PyCharm Community Edition 2023.3.4\jbr\bin\msvcp140.dll
0x00007ffadbe50000 - 0x00007ffadcad3000 	D:\PyCharm Community Edition 2023.3.4\jbr\bin\server\jvm.dll
0x00007ffc096f0000 - 0x00007ffc097a0000 	C:\WINDOWS\System32\ADVAPI32.dll
0x00007ffc08b50000 - 0x00007ffc08bf0000 	C:\WINDOWS\System32\sechost.dll
0x00007ffc09e50000 - 0x00007ffc09f73000 	C:\WINDOWS\System32\RPCRT4.dll
0x00007ffc081a0000 - 0x00007ffc081c7000 	C:\WINDOWS\System32\bcrypt.dll
0x00007ffc06f40000 - 0x00007ffc06f8b000 	C:\WINDOWS\SYSTEM32\POWRPROF.dll
0x00007ffb06fe0000 - 0x00007ffb06fe9000 	C:\WINDOWS\SYSTEM32\WSOCK32.dll
0x00007ffc09de0000 - 0x00007ffc09e4b000 	C:\WINDOWS\System32\WS2_32.dll
0x00007ffc01c00000 - 0x00007ffc01c0a000 	C:\WINDOWS\SYSTEM32\VERSION.dll
0x00007ffbf7b90000 - 0x00007ffbf7bb7000 	C:\WINDOWS\SYSTEM32\WINMM.dll
0x00007ffc06db0000 - 0x00007ffc06dc2000 	C:\WINDOWS\SYSTEM32\UMPDC.dll
0x00007ffc061d0000 - 0x00007ffc061e2000 	C:\WINDOWS\SYSTEM32\kernel.appcore.dll
0x00007ffbf6750000 - 0x00007ffbf675a000 	D:\PyCharm Community Edition 2023.3.4\jbr\bin\jimage.dll
0x00007ffc05750000 - 0x00007ffc05934000 	C:\WINDOWS\SYSTEM32\DBGHELP.DLL
0x00007ffbdc4b0000 - 0x00007ffbdc4e4000 	C:\WINDOWS\SYSTEM32\dbgcore.DLL
0x00007ffc081d0000 - 0x00007ffc08252000 	C:\WINDOWS\System32\bcryptPrimitives.dll
0x00007ffbddb10000 - 0x00007ffbddb35000 	D:\PyCharm Community Edition 2023.3.4\jbr\bin\java.dll

dbghelp: loaded successfully - version: 4.0.5 - missing functions: none
symbol engine: initialized successfully - sym options: 0x614 - pdb path: .;D:\PyCharm Community Edition 2023.3.4\jbr\bin;C:\WINDOWS\SYSTEM32;C:\WINDOWS\WinSxS\amd64_microsoft.windows.common-controls_6595b64144ccf1df_6.0.19041.4355_none_60b8b9eb71f62e16;D:\PyCharm Community Edition 2023.3.4\jbr\bin\server

VM Arguments:
java_command: git4idea.http.GitAskPassApp Username for 'https://github.com': 
java_class_path (initial): D:/PyCharm Community Edition 2023.3.4/plugins/vcs-git/lib/git4idea-rt.jar;D:/PyCharm Community Edition 2023.3.4/lib/externalProcess-rt.jar
Launcher Type: SUN_STANDARD

[Global flags]
     intx CICompilerCount                          = 4                                         {product} {ergonomic}
     uint ConcGCThreads                            = 3                                         {product} {ergonomic}
     uint G1ConcRefinementThreads                  = 10                                        {product} {ergonomic}
   size_t G1HeapRegionSize                         = 8388608                                   {product} {ergonomic}
    uintx GCDrainStackTargetSize                   = 64                                        {product} {ergonomic}
   size_t InitialHeapSize                          = 1073741824                                {product} {ergonomic}
   size_t MarkStackSize                            = 4194304                                   {product} {ergonomic}
   size_t MaxHeapSize                              = 17146314752                               {product} {ergonomic}
   size_t MinHeapDeltaBytes                        = 8388608                                   {product} {ergonomic}
   size_t MinHeapSize                              = 8388608                                   {product} {ergonomic}
    uintx NonNMethodCodeHeapSize                   = 5839372                                {pd product} {ergonomic}
    uintx NonProfiledCodeHeapSize                  = 122909434                              {pd product} {ergonomic}
    uintx ProfiledCodeHeapSize                     = 122909434                              {pd product} {ergonomic}
    uintx ReservedCodeCacheSize                    = 251658240                              {pd product} {ergonomic}
     bool SegmentedCodeCache                       = true                                      {product} {ergonomic}
   size_t SoftMaxHeapSize                          = 17146314752                            {manageable} {ergonomic}
     bool UseCompressedClassPointers               = true                           {product lp64_product} {ergonomic}
     bool UseCompressedOops                        = true                           {product lp64_product} {ergonomic}
     bool UseG1GC                                  = true                                      {product} {ergonomic}
     bool UseLargePagesIndividualAllocation        = false                                  {pd product} {ergonomic}

Logging:
Log output configuration:
 #0: stdout all=warning uptime,level,tags
 #1: stderr all=off uptime,level,tags

Environment Variables:
PATH=C:/Program Files/Git/mingw64/libexec/git-core;C:/Program Files/Git/mingw64/libexec/git-core;C:\Program Files\Git\mingw64\bin;C:\Program Files\Git\usr\bin;C:\Users\bkkes\bin;D:\BeatTheStreak\pythonProject\.venv\Scripts;C:\Program Files\Microsoft\jdk-11.0.16.101-hotspot\bin;C:\Program Files (x86)\Common Files\Oracle\Java\javapath;C:\Windows\system32;C:\Windows;C:\Windows\System32\Wbem;C:\Windows\System32\WindowsPowerShell\v1.0\;C:\Windows\System32\OpenSSH\;C:\Program Files (x86)\NVIDIA Corporation\PhysX\Common;C:\Program Files\NVIDIA Corporation\NVIDIA NvDLISR;C:\Program Files\MATLAB\R2023a\runtime\win64;C:\Program Files\MATLAB\R2023a\bin;C:\Program Files\PuTTY\;C:\WINDOWS\system32;C:\WINDOWS;C:\WINDOWS\System32\Wbem;C:\WINDOWS\System32\WindowsPowerShell\v1.0\;C:\WINDOWS\System32\OpenSSH\;C:\Users\bkkes\AppData\Local\Programs\Python\Python39\Scripts;C:\Users\bkkes\AppData\Local\Programs\Python\Python39\;C:\Program Files\NCBI\blast-2.8.1+\bin;C:\Program Files (x86)\HP\Common\HPDestPlgIn\;C:\Program Files\Git\cmd;C:\Program Files\Microsoft SQL Server\150\Tools\Binn\;C:\Program Files\Microsoft SQL Server\Client SDK\ODBC\170\Tools\Binn\;C:\Program Files (x86)\Microsoft SQL Server\160\DTS\Binn\;C:\Program Files\Azure Data Studio\bin;C:\Program Files\dotnet\;C:\Program Files (x86)\Windows Kits\10\Windows Performance Toolkit\;D:\sqlite-dll-win-x64-3450300;D:\sqlite-dll-win-x86-3450300;C:\Program Files (x86)\sqlite-dll-win-x86-3450300;C:\Program Files (x86)\sqlite-dll-win-x64-3450300;C:\Program Files (x86)\sqlite-tools-win-x64-3450300;C:\Program Files\NCBI\blast-2.8.1+\bin;C:\Users\bkkes\AppData\Local\Microsoft\WindowsApps;C:\Program Files\Docker Toolbox;C:\Users\bkkes\AppData\Local\GitHubDesktop\bin;C:\Program Files (x86)\HP\Common\HPDestPlgIn\;D:\Microsoft VS Code\bin;C:\Program Files\Azure Data Studio\bin;C:\Users\bkkes\.dotnet\tools
USERNAME=bkkes
DISPLAY=:0.0
LC_ALL=en_US.UTF-8
TERM=xterm-256color
TMPDIR=C:\Users\bkkes\AppData\Local\Temp
OS=Windows_NT
PROCESSOR_IDENTIFIER=Intel64 Family 6 Model 158 Stepping 10, GenuineIntel
TMP=C:\Users\bkkes\AppData\Local\Temp
TEMP=C:\Users\bkkes\AppData\Local\Temp



Periodic native trim disabled

JNI global refs:
JNI global refs: 0, weak refs: 0

JNI global refs memory usage: 0, weak refs: 0

OOME stack traces (most recent first):
Classloader memory used:


---------------  S Y S T E M  ---------------

OS:
 Windows 10 , 64 bit Build 19041 (10.0.19041.3636)
OS uptime: 23 days 13:04 hours

CPU: total 12 (initial active 12) (6 cores per cpu, 2 threads per core) family 6 model 158 stepping 10 microcode 0xb4, cx8, cmov, fxsr, ht, mmx, 3dnowpref, sse, sse2, sse3, ssse3, sse4.1, sse4.2, popcnt, lzcnt, tsc, tscinvbit, avx, avx2, aes, erms, clmul, bmi1, bmi2, adx, fma, vzeroupper, clflush, clflushopt
Processor Information for all 12 processors :
  Max Mhz: 2592, Current Mhz: 2592, Mhz Limit: 2592

Memory: 4k page, system-wide physical 65383M (29351M free)
TotalPageFile size 77383M (AvailPageFile size 362M)
current process WorkingSet (physical memory assigned to process): 11M, peak: 11M
current process commit charge ("private bytes"): 65M, peak: 1088M

vm_info: OpenJDK 64-Bit Server VM (17.0.10+1-b1087.17) for windows-amd64 JRE (17.0.10+1-b1087.17), built on 2024-01-19 by "builduser" with MS VC++ 16.10 / 16.11 (VS2019)

END.
